<?xml version="1.0" encoding="UTF-8"?>
<!-- Generated by org.testng.reporters.JUnitReportReporter -->
<testsuite hostname="DESKTOP-P86CKT6" failures="0" tests="1" name="com.rmgyantra.authentication.BasicAuthTest" time="2.024" errors="0" timestamp="2022-03-01T13:13:53 IST" skipped="0">
  <testcase classname="com.rmgyantra.authentication.BasicAuthTest" name="authentication" time="2.024"/>
  <system-out/>
</testsuite> <!-- com.rmgyantra.authentication.BasicAuthTest -->
