<?xml version="1.0" encoding="UTF-8"?>
<!-- Generated by org.testng.reporters.JUnitReportReporter -->
<testsuite hostname="DESKTOP-P86CKT6" failures="0" tests="1" name="com.rmgyantraCURDOperation.DeleteResorseTest" time="1.704" errors="0" timestamp="2022-02-24T18:00:21 IST" skipped="0">
  <testcase classname="com.rmgyantraCURDOperation.DeleteResorseTest" name="delete" time="1.704"/>
  <system-out/>
</testsuite> <!-- com.rmgyantraCURDOperation.DeleteResorseTest -->
