<?xml version="1.0" encoding="UTF-8"?>
<!-- Generated by org.testng.reporters.JUnitReportReporter -->
<testsuite hostname="DESKTOP-P86CKT6" failures="0" tests="1" name="com.rmgyantra.authentication.BarerTokenTest" time="4.054" errors="0" timestamp="2022-03-01T13:10:47 IST" skipped="0">
  <testcase classname="com.rmgyantra.authentication.BarerTokenTest" name="authentication" time="4.054"/>
  <system-out/>
</testsuite> <!-- com.rmgyantra.authentication.BarerTokenTest -->
