<?xml version="1.0" encoding="UTF-8"?>
<!-- Generated by org.testng.reporters.JUnitReportReporter -->
<testsuite hostname="DESKTOP-P86CKT6" failures="0" tests="1" name="com.rmgyantraCURDOperation.PartialUpdationTest" time="7.125" errors="0" timestamp="2022-02-24T21:33:53 IST" skipped="0">
  <testcase classname="com.rmgyantraCURDOperation.PartialUpdationTest" name="update" time="7.125"/>
  <system-out/>
</testsuite> <!-- com.rmgyantraCURDOperation.PartialUpdationTest -->
