<?xml version="1.0" encoding="UTF-8"?>
<!-- Generated by org.testng.reporters.JUnitReportReporter -->
<testsuite hostname="DESKTOP-P86CKT6" failures="0" tests="1" name="validation.ValidationUsingJHamRestTest" time="1.781" errors="0" timestamp="2022-02-28T12:29:30 IST" skipped="0">
  <testcase classname="validation.ValidationUsingJHamRestTest" name="validate" time="1.781"/>
  <system-out/>
</testsuite> <!-- validation.ValidationUsingJHamRestTest -->
