<?xml version="1.0" encoding="UTF-8"?>
<!-- Generated by org.testng.reporters.JUnitReportReporter -->
<testsuite hostname="DESKTOP-P86CKT6" failures="0" tests="1" name="endToEnd.CreateAndDeleteUserTest" time="2.884" errors="0" timestamp="2022-03-01T10:18:26 IST" skipped="0">
  <testcase classname="endToEnd.CreateAndDeleteUserTest" name="createAndDelete" time="2.884"/>
  <system-out/>
</testsuite> <!-- endToEnd.CreateAndDeleteUserTest -->
