<?xml version="1.0" encoding="UTF-8"?>
<!-- Generated by org.testng.reporters.JUnitReportReporter -->
<testsuite hostname="DESKTOP-P86CKT6" failures="0" tests="1" name="parameter.QueryParameterTest" time="2.831" errors="0" timestamp="2022-02-28T16:33:14 IST" skipped="0">
  <testcase classname="parameter.QueryParameterTest" name="parameter" time="2.831"/>
  <system-out/>
</testsuite> <!-- parameter.QueryParameterTest -->
