<?xml version="1.0" encoding="UTF-8"?>
<!-- Generated by org.testng.reporters.JUnitReportReporter -->
<testsuite hostname="DESKTOP-P86CKT6" failures="0" tests="1" name="com.waysOfCreatingResources.CreateResourceWithHelpOfJsonFileTest" time="1.753" errors="0" timestamp="2022-02-26T11:28:29 IST" skipped="0">
  <testcase classname="com.waysOfCreatingResources.CreateResourceWithHelpOfJsonFileTest" name="create" time="1.753"/>
  <system-out/>
</testsuite> <!-- com.waysOfCreatingResources.CreateResourceWithHelpOfJsonFileTest -->
