<?xml version="1.0" encoding="UTF-8"?>
<!-- Generated by org.testng.reporters.JUnitReportReporter -->
<testsuite hostname="DESKTOP-P86CKT6" failures="0" tests="1" name="validation.HeaderValidationTest" time="1.726" errors="0" timestamp="2022-02-28T12:40:52 IST" skipped="0">
  <testcase classname="validation.HeaderValidationTest" name="validation" time="1.726"/>
  <system-out/>
</testsuite> <!-- validation.HeaderValidationTest -->
