<?xml version="1.0" encoding="UTF-8"?>
<!-- Generated by org.testng.reporters.JUnitReportReporter -->
<testsuite hostname="DESKTOP-P86CKT6" failures="0" tests="1" name="parameter.PathAndQueryParameterTest" time="2.899" errors="0" timestamp="2022-02-28T16:55:02 IST" skipped="0">
  <testcase classname="parameter.PathAndQueryParameterTest" name="parameter" time="2.899"/>
  <system-out/>
</testsuite> <!-- parameter.PathAndQueryParameterTest -->
