<?xml version="1.0" encoding="UTF-8"?>
<!-- Generated by org.testng.reporters.JUnitReportReporter -->
<testsuite hostname="DESKTOP-P86CKT6" failures="0" tests="1" name="com.rmgyantraCURDOperationWithBDDFeature.GetAllTheResourcesTest" time="1.825" errors="0" timestamp="2022-02-25T13:11:37 IST" skipped="0">
  <testcase classname="com.rmgyantraCURDOperationWithBDDFeature.GetAllTheResourcesTest" name="getResource" time="1.825"/>
  <system-out/>
</testsuite> <!-- com.rmgyantraCURDOperationWithBDDFeature.GetAllTheResourcesTest -->
