<?xml version="1.0" encoding="UTF-8"?>
<!-- Generated by org.testng.reporters.JUnitReportReporter -->
<testsuite hostname="DESKTOP-P86CKT6" failures="0" tests="1" name="endToEnd.Create_Project_and_Allocate_USERTest" time="2.743" errors="0" timestamp="2022-03-01T10:35:14 IST" skipped="0">
  <testcase classname="endToEnd.Create_Project_and_Allocate_USERTest" name="endToEndTest" time="2.743"/>
  <system-out/>
</testsuite> <!-- endToEnd.Create_Project_and_Allocate_USERTest -->
