<?xml version="1.0" encoding="UTF-8"?>
<!-- Generated by org.testng.reporters.JUnitReportReporter -->
<testsuite hostname="DESKTOP-P86CKT6" failures="0" tests="1" name="com.rmgyantraCURDOperation.GetAllTheResourcesTest" time="1.863" errors="0" timestamp="2022-02-28T12:01:28 IST" skipped="0">
  <testcase classname="com.rmgyantraCURDOperation.GetAllTheResourcesTest" name="getResources" time="1.863"/>
  <system-out/>
</testsuite> <!-- com.rmgyantraCURDOperation.GetAllTheResourcesTest -->
