<?xml version="1.0" encoding="UTF-8"?>
<!-- Generated by org.testng.reporters.JUnitReportReporter -->
<testsuite hostname="DESKTOP-P86CKT6" failures="0" tests="1" name="com.parsing.EmployeeDetailsWithSpouceTest" time="0.219" errors="0" timestamp="2022-02-16T13:05:25 IST" skipped="0">
  <testcase classname="com.parsing.EmployeeDetailsWithSpouceTest" name="serialization" time="0.219"/>
  <system-out/>
</testsuite> <!-- com.parsing.EmployeeDetailsWithSpouceTest -->
