<?xml version="1.0" encoding="UTF-8"?>
<!-- Generated by org.testng.reporters.JUnitReportReporter -->
<testsuite hostname="DESKTOP-P86CKT6" failures="0" tests="1" name="com.rmgyantraCURDOperation.CompliteUpdation" time="2.074" errors="0" timestamp="2022-02-24T17:43:06 IST" skipped="0">
  <testcase classname="com.rmgyantraCURDOperation.CompliteUpdation" name="updation" time="2.074"/>
  <system-out/>
</testsuite> <!-- com.rmgyantraCURDOperation.CompliteUpdation -->
