<?xml version="1.0" encoding="UTF-8"?>
<!-- Generated by org.testng.reporters.JUnitReportReporter -->
<testsuite hostname="DESKTOP-P86CKT6" failures="0" tests="1" name="requestChaining.CreateAndValidateFromDataBaseTest" time="2.643" errors="0" timestamp="2022-03-02T10:34:27 IST" skipped="0">
  <testcase classname="requestChaining.CreateAndValidateFromDataBaseTest" name="create" time="2.643"/>
  <system-out/>
</testsuite> <!-- requestChaining.CreateAndValidateFromDataBaseTest -->
