<?xml version="1.0" encoding="UTF-8"?>
<!-- Generated by org.testng.reporters.JUnitReportReporter -->
<testsuite hostname="DESKTOP-P86CKT6" failures="0" tests="1" name="validation.DynamicResponseAValidationTest" time="2.180" errors="0" timestamp="2022-02-28T12:17:06 IST" skipped="0">
  <testcase classname="validation.DynamicResponseAValidationTest" name="validation" time="2.180"/>
  <system-out/>
</testsuite> <!-- validation.DynamicResponseAValidationTest -->
