<?xml version="1.0" encoding="UTF-8"?>
<!-- Generated by org.testng.reporters.JUnitReportReporter -->
<testsuite hostname="DESKTOP-P86CKT6" failures="0" tests="1" name="com.parsing.EmployeeDetailsTest" time="0.207" errors="0" timestamp="2022-02-16T16:37:01 IST" skipped="0">
  <testcase classname="com.parsing.EmployeeDetailsTest" name="serialization" time="0.207"/>
  <system-out/>
</testsuite> <!-- com.parsing.EmployeeDetailsTest -->
