<?xml version="1.0" encoding="UTF-8"?>
<!-- Generated by org.testng.reporters.JUnitReportReporter -->
<testsuite hostname="DESKTOP-P86CKT6" failures="0" tests="1" name="com.rmgyantraCURDOperationWithBDDFeature.PartialUpdationTest" time="3.474" errors="0" timestamp="2022-02-25T12:32:59 IST" skipped="0">
  <testcase classname="com.rmgyantraCURDOperationWithBDDFeature.PartialUpdationTest" name="updation" time="3.474"/>
  <system-out/>
</testsuite> <!-- com.rmgyantraCURDOperationWithBDDFeature.PartialUpdationTest -->
