<?xml version="1.0" encoding="UTF-8"?>
<!-- Generated by org.testng.reporters.JUnitReportReporter -->
<testsuite hostname="DESKTOP-P86CKT6" failures="0" tests="1" name="requestChaining.CreateAndDeleteWithRequestChaining" time="2.449" errors="0" timestamp="2022-02-28T17:47:26 IST" skipped="0">
  <testcase classname="requestChaining.CreateAndDeleteWithRequestChaining" name="createAndDelete" time="2.449"/>
  <system-out/>
</testsuite> <!-- requestChaining.CreateAndDeleteWithRequestChaining -->
