<?xml version="1.0" encoding="UTF-8"?>
<!-- Generated by org.testng.reporters.JUnitReportReporter -->
<testsuite hostname="DESKTOP-P86CKT6" failures="0" tests="1" name="validation.StaticResponseValidationTest" time="2.206" errors="0" timestamp="2022-02-28T12:08:57 IST" skipped="0">
  <testcase classname="validation.StaticResponseValidationTest" name="validation" time="2.206"/>
  <system-out/>
</testsuite> <!-- validation.StaticResponseValidationTest -->
