<?xml version="1.0" encoding="UTF-8"?>
<!-- Generated by org.testng.reporters.JUnitReportReporter -->
<testsuite hostname="DESKTOP-P86CKT6" failures="0" tests="1" name="requestChaining.RequestChainingTest" time="2.237" errors="0" timestamp="2022-02-28T17:10:31 IST" skipped="0">
  <testcase classname="requestChaining.RequestChainingTest" name="chaining" time="2.237"/>
  <system-out/>
</testsuite> <!-- requestChaining.RequestChainingTest -->
