<?xml version="1.0" encoding="UTF-8"?>
<!-- Generated by org.testng.reporters.JUnitReportReporter -->
<testsuite hostname="DESKTOP-P86CKT6" failures="0" tests="4" name="requestChaining.SameRequestWithMultiDataProTest" time="2.116" errors="0" timestamp="2022-03-01T12:37:14 IST" skipped="0">
  <testcase classname="requestChaining.SameRequestWithMultiDataProTest" name="multipledata" time="0.045"/>
  <system-out/>
  <testcase classname="requestChaining.SameRequestWithMultiDataProTest" name="multipledata" time="2.006"/>
  <system-out/>
  <testcase classname="requestChaining.SameRequestWithMultiDataProTest" name="multipledata" time="0.035"/>
  <system-out/>
  <testcase classname="requestChaining.SameRequestWithMultiDataProTest" name="multipledata" time="0.030"/>
  <system-out/>
</testsuite> <!-- requestChaining.SameRequestWithMultiDataProTest -->
