<?xml version="1.0" encoding="UTF-8"?>
<!-- Generated by org.testng.reporters.JUnitReportReporter -->
<testsuite hostname="DESKTOP-P86CKT6" failures="0" tests="1" name="com.parsing.EmployeeDetailsWithArry" time="0.212" errors="0" timestamp="2022-02-16T12:04:45 IST" skipped="0">
  <testcase classname="com.parsing.EmployeeDetailsWithArry" name="serialization" time="0.212"/>
  <system-out/>
</testsuite> <!-- com.parsing.EmployeeDetailsWithArry -->
