<?xml version="1.0" encoding="UTF-8"?>
<!-- Generated by org.testng.reporters.JUnitReportReporter -->
<testsuite hostname="DESKTOP-P86CKT6" failures="0" tests="1" name="com.rmgyantra.authentication.Auth2Test" time="3.201" errors="0" timestamp="2022-03-01T16:42:26 IST" skipped="0">
  <testcase classname="com.rmgyantra.authentication.Auth2Test" name="validation" time="3.201"/>
  <system-out/>
</testsuite> <!-- com.rmgyantra.authentication.Auth2Test -->
