<?xml version="1.0" encoding="UTF-8"?>
<!-- Generated by org.testng.reporters.JUnitReportReporter -->
<testsuite hostname="DESKTOP-P86CKT6" failures="0" tests="1" name="com.waysOfCreatingResources.CreateResourcesWithPojoLibTest" time="2.114" errors="0" timestamp="2022-02-26T11:20:28 IST" skipped="0">
  <testcase classname="com.waysOfCreatingResources.CreateResourcesWithPojoLibTest" name="ceate" time="2.114"/>
  <system-out/>
</testsuite> <!-- com.waysOfCreatingResources.CreateResourcesWithPojoLibTest -->
