<?xml version="1.0" encoding="UTF-8"?>
<!-- Generated by org.testng.reporters.JUnitReportReporter -->
<testsuite hostname="DESKTOP-P86CKT6" failures="0" tests="1" name="parameter.PathParameterTest" time="1.697" errors="0" timestamp="2022-02-28T16:22:52 IST" skipped="0">
  <testcase classname="parameter.PathParameterTest" name="pathParameter" time="1.697"/>
  <system-out/>
</testsuite> <!-- parameter.PathParameterTest -->
