<?xml version="1.0" encoding="UTF-8"?>
<!-- Generated by org.testng.reporters.JUnitReportReporter -->
<testsuite hostname="DESKTOP-P86CKT6" failures="0" tests="1" name="validation.ValidationUsingHamrestTest" time="2.482" errors="0" timestamp="2022-03-01T15:18:36 IST" skipped="0">
  <testcase classname="validation.ValidationUsingHamrestTest" name="validation" time="2.482"/>
  <system-out/>
</testsuite> <!-- validation.ValidationUsingHamrestTest -->
