<?xml version="1.0" encoding="UTF-8"?>
<!-- Generated by org.testng.reporters.JUnitReportReporter -->
<testsuite hostname="DESKTOP-P86CKT6" failures="0" tests="1" name="com.parsing.Deserialization" time="0.278" errors="0" timestamp="2022-02-16T13:29:39 IST" skipped="0">
  <testcase classname="com.parsing.Deserialization" name="deserialization" time="0.278"/>
  <system-out/>
</testsuite> <!-- com.parsing.Deserialization -->
