<?xml version="1.0" encoding="UTF-8"?>
<!-- Generated by org.testng.reporters.JUnitReportReporter -->
<testsuite hostname="DESKTOP-P86CKT6" failures="0" tests="1" name="com.parsing.EmployeeLibraryTest" time="0.211" errors="0" timestamp="2022-02-16T13:19:04 IST" skipped="0">
  <testcase classname="com.parsing.EmployeeLibraryTest" name="serialization" time="0.211"/>
  <system-out/>
</testsuite> <!-- com.parsing.EmployeeLibraryTest -->
