<?xml version="1.0" encoding="UTF-8"?>
<!-- Generated by org.testng.reporters.JUnitReportReporter -->
<testsuite hostname="DESKTOP-P86CKT6" failures="0" tests="1" name="com.rmgyantraCURDOperation.PostCreateTheResourcesTest" time="1.955" errors="0" timestamp="2022-02-24T18:03:45 IST" skipped="0">
  <testcase classname="com.rmgyantraCURDOperation.PostCreateTheResourcesTest" name="create" time="1.955"/>
  <system-out/>
</testsuite> <!-- com.rmgyantraCURDOperation.PostCreateTheResourcesTest -->
