<?xml version="1.0" encoding="UTF-8"?>
<!-- Generated by org.testng.reporters.JUnitReportReporter -->
<testsuite hostname="DESKTOP-P86CKT6" failures="0" tests="1" name="validation.ToCheckProjectNameTest" time="2.537" errors="0" timestamp="2022-02-28T13:06:38 IST" skipped="0">
  <testcase classname="validation.ToCheckProjectNameTest" name="validation" time="2.537"/>
  <system-out/>
</testsuite> <!-- validation.ToCheckProjectNameTest -->
