<?xml version="1.0" encoding="UTF-8"?>
<!-- Generated by org.testng.reporters.JUnitReportReporter -->
<testsuite hostname="DESKTOP-P86CKT6" failures="0" tests="1" name="com.rmgyantraCURDOperationWithBDDFeature.CreateResourcesTest" time="2.027" errors="0" timestamp="2022-02-25T12:16:55 IST" skipped="0">
  <testcase classname="com.rmgyantraCURDOperationWithBDDFeature.CreateResourcesTest" name="create" time="2.027"/>
  <system-out/>
</testsuite> <!-- com.rmgyantraCURDOperationWithBDDFeature.CreateResourcesTest -->
