<?xml version="1.0" encoding="UTF-8"?>
<!-- Generated by org.testng.reporters.JUnitReportReporter -->
<testsuite hostname="DESKTOP-P86CKT6" failures="0" tests="1" name="com.rmgyantraCURDOperationWithBDDFeature.UpdationTest" time="2.184" errors="0" timestamp="2022-02-25T12:24:46 IST" skipped="0">
  <testcase classname="com.rmgyantraCURDOperationWithBDDFeature.UpdationTest" name="updation" time="2.184"/>
  <system-out/>
</testsuite> <!-- com.rmgyantraCURDOperationWithBDDFeature.UpdationTest -->
