<?xml version="1.0" encoding="UTF-8"?>
<!-- Generated by org.testng.reporters.JUnitReportReporter -->
<testsuite hostname="DESKTOP-P86CKT6" failures="0" tests="1" name="com.rmgyantraCURDOperationWithBDDFeature.DeleteResourcesTest" time="1.728" errors="0" timestamp="2022-02-25T12:37:01 IST" skipped="0">
  <testcase classname="com.rmgyantraCURDOperationWithBDDFeature.DeleteResourcesTest" name="delete" time="1.728"/>
  <system-out/>
</testsuite> <!-- com.rmgyantraCURDOperationWithBDDFeature.DeleteResourcesTest -->
