<?xml version="1.0" encoding="UTF-8"?>
<!-- Generated by org.testng.reporters.JUnitReportReporter -->
<testsuite hostname="DESKTOP-P86CKT6" failures="0" tests="2" name="com.rmgyantra.authentication.AuthenticationTest" time="2.275" errors="0" timestamp="2022-03-01T13:16:23 IST" skipped="0">
  <testcase classname="com.rmgyantra.authentication.AuthenticationTest" name="digestiveAuth" time="2.072"/>
  <system-out/>
  <testcase classname="com.rmgyantra.authentication.AuthenticationTest" name="preeptiveAuth" time="0.203"/>
  <system-out/>
</testsuite> <!-- com.rmgyantra.authentication.AuthenticationTest -->
